\BOOKMARK [0][-]{chapter.1}{\376\377\0001\000\040\000F\000o\000r\000m\000a\000t\000\040\000f\000o\000r\000\040\000m\000e\000c\000h\000a\000n\000i\000s\000m\000\040\000i\000n\000p\000u\000t\000\040\000f\000i\000l\000e\000s}{}% 1
\BOOKMARK [0][-]{chapter.2}{\376\377\0002\000\040\000P\000E\000C\000A\000N\000S}{}% 2
\BOOKMARK [0][-]{chapter.3}{\376\377\0003\000\040\000N\000a\000m\000e\000s\000p\000a\000c\000e\000\040\000I\000n\000d\000e\000x}{}% 3
\BOOKMARK [1][-]{section.3.1}{\376\377\0003\000.\0001\000\040\000N\000a\000m\000e\000s\000p\000a\000c\000e\000\040\000L\000i\000s\000t}{chapter.3}% 4
\BOOKMARK [0][-]{chapter.4}{\376\377\0004\000\040\000H\000i\000e\000r\000a\000r\000c\000h\000i\000c\000a\000l\000\040\000I\000n\000d\000e\000x}{}% 5
\BOOKMARK [1][-]{section.4.1}{\376\377\0004\000.\0001\000\040\000C\000l\000a\000s\000s\000\040\000H\000i\000e\000r\000a\000r\000c\000h\000y}{chapter.4}% 6
\BOOKMARK [0][-]{chapter.5}{\376\377\0005\000\040\000C\000l\000a\000s\000s\000\040\000I\000n\000d\000e\000x}{}% 7
\BOOKMARK [1][-]{section.5.1}{\376\377\0005\000.\0001\000\040\000C\000l\000a\000s\000s\000\040\000L\000i\000s\000t}{chapter.5}% 8
\BOOKMARK [0][-]{chapter.6}{\376\377\0006\000\040\000N\000a\000m\000e\000s\000p\000a\000c\000e\000\040\000D\000o\000c\000u\000m\000e\000n\000t\000a\000t\000i\000o\000n}{}% 9
\BOOKMARK [1][-]{section.6.1}{\376\377\0006\000.\0001\000\040\000p\000e\000c\000a\000n\000s\000\040\000N\000a\000m\000e\000s\000p\000a\000c\000e\000\040\000R\000e\000f\000e\000r\000e\000n\000c\000e}{chapter.6}% 10
\BOOKMARK [2][-]{subsection.6.1.1}{\376\377\0006\000.\0001\000.\0001\000\040\000D\000e\000t\000a\000i\000l\000e\000d\000\040\000D\000e\000s\000c\000r\000i\000p\000t\000i\000o\000n}{section.6.1}% 11
\BOOKMARK [1][-]{section.6.2}{\376\377\0006\000.\0002\000\040\000p\000e\000c\000a\000n\000s\000.\000m\000e\000c\000h\000g\000e\000n\000\040\000N\000a\000m\000e\000s\000p\000a\000c\000e\000\040\000R\000e\000f\000e\000r\000e\000n\000c\000e}{chapter.6}% 12
\BOOKMARK [2][-]{subsection.6.2.1}{\376\377\0006\000.\0002\000.\0001\000\040\000D\000e\000t\000a\000i\000l\000e\000d\000\040\000D\000e\000s\000c\000r\000i\000p\000t\000i\000o\000n}{section.6.2}% 13
\BOOKMARK [2][-]{subsection.6.2.2}{\376\377\0006\000.\0002\000.\0002\000\040\000F\000u\000n\000c\000t\000i\000o\000n\000\040\000D\000o\000c\000u\000m\000e\000n\000t\000a\000t\000i\000o\000n}{section.6.2}% 14
\BOOKMARK [3][-]{subsubsection.6.2.2.1}{\376\377\0006\000.\0002\000.\0002\000.\0001\000\040\000g\000e\000n\000e\000r\000a\000t\000e\000c\000h\000e\000m\000d\000e\000r\000i\000v\000f\000i\000l\000e\000\050\000r\000e\000a\000c\000t\000i\000o\000n\000s\000\051}{subsection.6.2.2}% 15
\BOOKMARK [3][-]{subsubsection.6.2.2.2}{\376\377\0006\000.\0002\000.\0002\000.\0002\000\040\000g\000e\000n\000e\000r\000a\000t\000e\000p\000e\000c\000a\000n\000s\000m\000e\000c\000h\000a\000n\000i\000s\000m\000\050\000s\000p\000e\000c\000i\000e\000s\000f\000i\000l\000e\000,\000\040\000r\000e\000a\000c\000t\000i\000o\000n\000s\000f\000i\000l\000e\000,\000\040\000e\000x\000t\000r\000a\000r\000a\000t\000e\000d\000e\000f\000f\000i\000l\000e\000s\000\051}{subsection.6.2.2}% 16
\BOOKMARK [0][-]{chapter.7}{\376\377\0007\000\040\000C\000l\000a\000s\000s\000\040\000D\000o\000c\000u\000m\000e\000n\000t\000a\000t\000i\000o\000n}{}% 17
\BOOKMARK [1][-]{section.7.1}{\376\377\0007\000.\0001\000\040\000p\000e\000c\000a\000n\000s\000.\000m\000e\000c\000h\000g\000e\000n\000.\000C\000h\000e\000m\000E\000r\000r\000o\000r\000\040\000C\000l\000a\000s\000s\000\040\000R\000e\000f\000e\000r\000e\000n\000c\000e}{chapter.7}% 18
\BOOKMARK [1][-]{section.7.2}{\376\377\0007\000.\0002\000\040\000p\000e\000c\000a\000n\000s\000.\000m\000e\000c\000h\000g\000e\000n\000.\000D\000e\000r\000i\000v\000a\000t\000i\000v\000e\000\040\000C\000l\000a\000s\000s\000\040\000R\000e\000f\000e\000r\000e\000n\000c\000e}{chapter.7}% 19
\BOOKMARK [2][-]{subsection.7.2.1}{\376\377\0007\000.\0002\000.\0001\000\040\000D\000e\000t\000a\000i\000l\000e\000d\000\040\000D\000e\000s\000c\000r\000i\000p\000t\000i\000o\000n}{section.7.2}% 20
\BOOKMARK [2][-]{subsection.7.2.2}{\376\377\0007\000.\0002\000.\0002\000\040\000C\000o\000n\000s\000t\000r\000u\000c\000t\000o\000r\000\040\000\046\000\040\000D\000e\000s\000t\000r\000u\000c\000t\000o\000r\000\040\000D\000o\000c\000u\000m\000e\000n\000t\000a\000t\000i\000o\000n}{section.7.2}% 21
\BOOKMARK [3][-]{subsubsection.7.2.2.1}{\376\377\0007\000.\0002\000.\0002\000.\0001\000\040\000i\000n\000i\000t\000\050\000s\000e\000l\000f\000,\000\040\000s\000p\000e\000c\000i\000e\000\051}{subsection.7.2.2}% 22
\BOOKMARK [2][-]{subsection.7.2.3}{\376\377\0007\000.\0002\000.\0003\000\040\000M\000e\000m\000b\000e\000r\000\040\000F\000u\000n\000c\000t\000i\000o\000n\000\040\000D\000o\000c\000u\000m\000e\000n\000t\000a\000t\000i\000o\000n}{section.7.2}% 23
\BOOKMARK [3][-]{subsubsection.7.2.3.1}{\376\377\0007\000.\0002\000.\0003\000.\0001\000\040\000a\000d\000d\000r\000x\000n\000i\000f\000r\000e\000l\000e\000v\000a\000n\000t\000\050\000s\000e\000l\000f\000,\000\040\000r\000x\000n\000\051}{subsection.7.2.3}% 24
\BOOKMARK [3][-]{subsubsection.7.2.3.2}{\376\377\0007\000.\0002\000.\0003\000.\0002\000\040\000c\000h\000a\000n\000g\000e\000d\000s\000p\000e\000c\000i\000e\000\050\000s\000e\000l\000f\000\051}{subsection.7.2.3}% 25
\BOOKMARK [3][-]{subsubsection.7.2.3.3}{\376\377\0007\000.\0002\000.\0003\000.\0003\000\040\000c\000o\000e\000f\000f\000i\000c\000i\000e\000n\000t\000s\000\050\000s\000e\000l\000f\000\051}{subsection.7.2.3}% 26
\BOOKMARK [3][-]{subsubsection.7.2.3.4}{\376\377\0007\000.\0002\000.\0003\000.\0004\000\040\000f\000i\000n\000a\000l\000i\000z\000e\000\050\000s\000e\000l\000f\000\051}{subsection.7.2.3}% 27
\BOOKMARK [3][-]{subsubsection.7.2.3.5}{\376\377\0007\000.\0002\000.\0003\000.\0005\000\040\000f\000u\000n\000c\000d\000e\000f\000\050\000s\000e\000l\000f\000\051}{subsection.7.2.3}% 28
\BOOKMARK [3][-]{subsubsection.7.2.3.6}{\376\377\0007\000.\0002\000.\0003\000.\0006\000\040\000f\000u\000n\000c\000s\000i\000g\000n\000a\000t\000u\000r\000e\000\050\000s\000e\000l\000f\000\051}{subsection.7.2.3}% 29
\BOOKMARK [3][-]{subsubsection.7.2.3.7}{\376\377\0007\000.\0002\000.\0003\000.\0007\000\040\000i\000n\000p\000u\000t\000s\000p\000e\000c\000i\000e\000s\000\050\000s\000e\000l\000f\000\051}{subsection.7.2.3}% 30
\BOOKMARK [3][-]{subsubsection.7.2.3.8}{\376\377\0007\000.\0002\000.\0003\000.\0008\000\040\000r\000e\000a\000c\000t\000i\000o\000n\000s\000\050\000s\000e\000l\000f\000\051}{subsection.7.2.3}% 31
\BOOKMARK [1][-]{section.7.3}{\376\377\0007\000.\0003\000\040\000p\000e\000c\000a\000n\000s\000.\000m\000e\000c\000h\000g\000e\000n\000.\000R\000a\000t\000e\000D\000e\000f\000E\000r\000r\000o\000r\000\040\000C\000l\000a\000s\000s\000\040\000R\000e\000f\000e\000r\000e\000n\000c\000e}{chapter.7}% 32
\BOOKMARK [1][-]{section.7.4}{\376\377\0007\000.\0004\000\040\000p\000e\000c\000a\000n\000s\000.\000m\000e\000c\000h\000g\000e\000n\000.\000R\000a\000t\000e\000E\000x\000p\000r\000e\000s\000s\000i\000o\000n\000\040\000C\000l\000a\000s\000s\000\040\000R\000e\000f\000e\000r\000e\000n\000c\000e}{chapter.7}% 33
\BOOKMARK [2][-]{subsection.7.4.1}{\376\377\0007\000.\0004\000.\0001\000\040\000D\000e\000t\000a\000i\000l\000e\000d\000\040\000D\000e\000s\000c\000r\000i\000p\000t\000i\000o\000n}{section.7.4}% 34
\BOOKMARK [2][-]{subsection.7.4.2}{\376\377\0007\000.\0004\000.\0002\000\040\000C\000o\000n\000s\000t\000r\000u\000c\000t\000o\000r\000\040\000\046\000\040\000D\000e\000s\000t\000r\000u\000c\000t\000o\000r\000\040\000D\000o\000c\000u\000m\000e\000n\000t\000a\000t\000i\000o\000n}{section.7.4}% 35
\BOOKMARK [3][-]{subsubsection.7.4.2.1}{\376\377\0007\000.\0004\000.\0002\000.\0001\000\040\000i\000n\000i\000t\000\050\000s\000e\000l\000f\000,\000\040\000r\000a\000t\000e\000s\000t\000r\000i\000n\000g\000,\000\040\000r\000a\000t\000e\000f\000i\000l\000e\000,\000\040\000f\000i\000l\000e\000l\000i\000n\000e\000n\000u\000m\000b\000e\000r\000\051}{subsection.7.4.2}% 36
\BOOKMARK [2][-]{subsection.7.4.3}{\376\377\0007\000.\0004\000.\0003\000\040\000M\000e\000m\000b\000e\000r\000\040\000F\000u\000n\000c\000t\000i\000o\000n\000\040\000D\000o\000c\000u\000m\000e\000n\000t\000a\000t\000i\000o\000n}{section.7.4}% 37
\BOOKMARK [3][-]{subsubsection.7.4.3.1}{\376\377\0007\000.\0004\000.\0003\000.\0001\000\040\000f\000i\000n\000d\000r\000a\000t\000e\000b\000y\000n\000a\000m\000e\000\050\000c\000l\000s\000,\000\040\000r\000a\000t\000e\000n\000a\000m\000e\000\051}{subsection.7.4.3}% 38
\BOOKMARK [3][-]{subsubsection.7.4.3.2}{\376\377\0007\000.\0004\000.\0003\000.\0002\000\040\000m\000a\000r\000k\000r\000a\000t\000e\000a\000s\000n\000e\000e\000d\000e\000d\000\050\000c\000l\000s\000,\000\040\000r\000a\000t\000e\000c\000a\000l\000l\000\051}{subsection.7.4.3}% 39
\BOOKMARK [1][-]{section.7.5}{\376\377\0007\000.\0005\000\040\000p\000e\000c\000a\000n\000s\000.\000m\000e\000c\000h\000g\000e\000n\000.\000R\000e\000a\000c\000t\000i\000o\000n\000\040\000C\000l\000a\000s\000s\000\040\000R\000e\000f\000e\000r\000e\000n\000c\000e}{chapter.7}% 40
\BOOKMARK [2][-]{subsection.7.5.1}{\376\377\0007\000.\0005\000.\0001\000\040\000D\000e\000t\000a\000i\000l\000e\000d\000\040\000D\000e\000s\000c\000r\000i\000p\000t\000i\000o\000n}{section.7.5}% 41
\BOOKMARK [2][-]{subsection.7.5.2}{\376\377\0007\000.\0005\000.\0002\000\040\000C\000o\000n\000s\000t\000r\000u\000c\000t\000o\000r\000\040\000\046\000\040\000D\000e\000s\000t\000r\000u\000c\000t\000o\000r\000\040\000D\000o\000c\000u\000m\000e\000n\000t\000a\000t\000i\000o\000n}{section.7.5}% 42
\BOOKMARK [3][-]{subsubsection.7.5.2.1}{\376\377\0007\000.\0005\000.\0002\000.\0001\000\040\000i\000n\000i\000t\000\050\000s\000e\000l\000f\000,\000\040\000r\000e\000a\000c\000t\000a\000n\000t\000s\000,\000\040\000p\000r\000o\000d\000u\000c\000t\000s\000,\000\040\000r\000a\000t\000e\000f\000x\000n\000\051}{subsection.7.5.2}% 43
\BOOKMARK [2][-]{subsection.7.5.3}{\376\377\0007\000.\0005\000.\0003\000\040\000M\000e\000m\000b\000e\000r\000\040\000F\000u\000n\000c\000t\000i\000o\000n\000\040\000D\000o\000c\000u\000m\000e\000n\000t\000a\000t\000i\000o\000n}{section.7.5}% 44
\BOOKMARK [3][-]{subsubsection.7.5.3.1}{\376\377\0007\000.\0005\000.\0003\000.\0001\000\040\000g\000e\000t\000p\000r\000o\000d\000u\000c\000t\000s\000p\000e\000c\000i\000e\000\050\000s\000e\000l\000f\000,\000\040\000s\000p\000e\000c\000i\000e\000\051}{subsection.7.5.3}% 45
\BOOKMARK [3][-]{subsubsection.7.5.3.2}{\376\377\0007\000.\0005\000.\0003\000.\0002\000\040\000g\000e\000t\000r\000e\000a\000c\000t\000a\000n\000t\000s\000p\000e\000c\000i\000e\000\050\000s\000e\000l\000f\000,\000\040\000s\000p\000e\000c\000i\000e\000\051}{subsection.7.5.3}% 46
\BOOKMARK [3][-]{subsubsection.7.5.3.3}{\376\377\0007\000.\0005\000.\0003\000.\0003\000\040\000i\000d\000\050\000s\000e\000l\000f\000\051}{subsection.7.5.3}% 47
\BOOKMARK [3][-]{subsubsection.7.5.3.4}{\376\377\0007\000.\0005\000.\0003\000.\0004\000\040\000p\000r\000o\000d\000u\000c\000t\000s\000p\000e\000c\000i\000e\000s\000\050\000s\000e\000l\000f\000\051}{subsection.7.5.3}% 48
\BOOKMARK [3][-]{subsubsection.7.5.3.5}{\376\377\0007\000.\0005\000.\0003\000.\0005\000\040\000p\000r\000o\000d\000u\000c\000t\000s\000\050\000s\000e\000l\000f\000\051}{subsection.7.5.3}% 49
\BOOKMARK [3][-]{subsubsection.7.5.3.6}{\376\377\0007\000.\0005\000.\0003\000.\0006\000\040\000r\000a\000t\000e\000s\000t\000r\000\050\000s\000e\000l\000f\000\051}{subsection.7.5.3}% 50
\BOOKMARK [3][-]{subsubsection.7.5.3.7}{\376\377\0007\000.\0005\000.\0003\000.\0007\000\040\000r\000e\000a\000c\000t\000a\000n\000t\000s\000p\000e\000c\000i\000e\000s\000\050\000s\000e\000l\000f\000\051}{subsection.7.5.3}% 51
\BOOKMARK [3][-]{subsubsection.7.5.3.8}{\376\377\0007\000.\0005\000.\0003\000.\0008\000\040\000r\000e\000a\000c\000t\000a\000n\000t\000s\000\050\000s\000e\000l\000f\000\051}{subsection.7.5.3}% 52
\BOOKMARK [3][-]{subsubsection.7.5.3.9}{\376\377\0007\000.\0005\000.\0003\000.\0009\000\040\000r\000e\000s\000e\000t\000\050\000c\000l\000s\000\051}{subsection.7.5.3}% 53
\BOOKMARK [1][-]{section.7.6}{\376\377\0007\000.\0006\000\040\000p\000e\000c\000a\000n\000s\000.\000m\000e\000c\000h\000g\000e\000n\000.\000R\000e\000a\000c\000t\000i\000o\000n\000D\000e\000f\000E\000r\000r\000o\000r\000\040\000C\000l\000a\000s\000s\000\040\000R\000e\000f\000e\000r\000e\000n\000c\000e}{chapter.7}% 54
\BOOKMARK [1][-]{section.7.7}{\376\377\0007\000.\0007\000\040\000p\000e\000c\000a\000n\000s\000.\000m\000e\000c\000h\000g\000e\000n\000.\000R\000e\000a\000c\000t\000i\000o\000n\000S\000p\000e\000c\000i\000e\000\040\000C\000l\000a\000s\000s\000\040\000R\000e\000f\000e\000r\000e\000n\000c\000e}{chapter.7}% 55
\BOOKMARK [2][-]{subsection.7.7.1}{\376\377\0007\000.\0007\000.\0001\000\040\000D\000e\000t\000a\000i\000l\000e\000d\000\040\000D\000e\000s\000c\000r\000i\000p\000t\000i\000o\000n}{section.7.7}% 56
\BOOKMARK [2][-]{subsection.7.7.2}{\376\377\0007\000.\0007\000.\0002\000\040\000C\000o\000n\000s\000t\000r\000u\000c\000t\000o\000r\000\040\000\046\000\040\000D\000e\000s\000t\000r\000u\000c\000t\000o\000r\000\040\000D\000o\000c\000u\000m\000e\000n\000t\000a\000t\000i\000o\000n}{section.7.7}% 57
\BOOKMARK [3][-]{subsubsection.7.7.2.1}{\376\377\0007\000.\0007\000.\0002\000.\0001\000\040\000i\000n\000i\000t\000\050\000s\000e\000l\000f\000,\000\040\000s\000p\000e\000c\000i\000e\000,\000\040\000c\000o\000e\000f\000f\000i\000c\000i\000e\000n\000t\000=\0001\000.\0000\000\051}{subsection.7.7.2}% 58
\BOOKMARK [1][-]{section.7.8}{\376\377\0007\000.\0008\000\040\000p\000e\000c\000a\000n\000s\000.\000m\000e\000c\000h\000g\000e\000n\000.\000S\000p\000e\000c\000i\000e\000\040\000C\000l\000a\000s\000s\000\040\000R\000e\000f\000e\000r\000e\000n\000c\000e}{chapter.7}% 59
\BOOKMARK [2][-]{subsection.7.8.1}{\376\377\0007\000.\0008\000.\0001\000\040\000D\000e\000t\000a\000i\000l\000e\000d\000\040\000D\000e\000s\000c\000r\000i\000p\000t\000i\000o\000n}{section.7.8}% 60
\BOOKMARK [2][-]{subsection.7.8.2}{\376\377\0007\000.\0008\000.\0002\000\040\000C\000o\000n\000s\000t\000r\000u\000c\000t\000o\000r\000\040\000\046\000\040\000D\000e\000s\000t\000r\000u\000c\000t\000o\000r\000\040\000D\000o\000c\000u\000m\000e\000n\000t\000a\000t\000i\000o\000n}{section.7.8}% 61
\BOOKMARK [3][-]{subsubsection.7.8.2.1}{\376\377\0007\000.\0008\000.\0002\000.\0001\000\040\000i\000n\000i\000t\000\050\000s\000e\000l\000f\000,\000\040\000n\000a\000m\000e\000\051}{subsection.7.8.2}% 62
\BOOKMARK [2][-]{subsection.7.8.3}{\376\377\0007\000.\0008\000.\0003\000\040\000M\000e\000m\000b\000e\000r\000\040\000F\000u\000n\000c\000t\000i\000o\000n\000\040\000D\000o\000c\000u\000m\000e\000n\000t\000a\000t\000i\000o\000n}{section.7.8}% 63
\BOOKMARK [3][-]{subsubsection.7.8.3.1}{\376\377\0007\000.\0008\000.\0003\000.\0001\000\040\000f\000i\000n\000d\000b\000y\000n\000a\000m\000e\000\050\000c\000l\000s\000,\000\040\000n\000a\000m\000e\000,\000\040\000c\000a\000s\000e\000s\000e\000n\000s\000i\000t\000i\000v\000e\000=\000F\000a\000l\000s\000e\000\051}{subsection.7.8.3}% 64
\BOOKMARK [3][-]{subsubsection.7.8.3.2}{\376\377\0007\000.\0008\000.\0003\000.\0002\000\040\000n\000a\000m\000e\000\050\000s\000e\000l\000f\000\051}{subsection.7.8.3}% 65
\BOOKMARK [3][-]{subsubsection.7.8.3.3}{\376\377\0007\000.\0008\000.\0003\000.\0003\000\040\000r\000e\000s\000e\000t\000\050\000c\000l\000s\000\051}{subsection.7.8.3}% 66
\BOOKMARK [3][-]{subsubsection.7.8.3.4}{\376\377\0007\000.\0008\000.\0003\000.\0004\000\040\000s\000p\000e\000c\000i\000d\000\050\000s\000e\000l\000f\000\051}{subsection.7.8.3}% 67
\BOOKMARK [1][-]{section.7.9}{\376\377\0007\000.\0009\000\040\000p\000e\000c\000a\000n\000s\000.\000m\000e\000c\000h\000g\000e\000n\000.\000S\000p\000e\000c\000i\000e\000s\000D\000e\000f\000E\000r\000r\000o\000r\000\040\000C\000l\000a\000s\000s\000\040\000R\000e\000f\000e\000r\000e\000n\000c\000e}{chapter.7}% 68
\BOOKMARK [0][-]{section*.26}{\376\377\000I\000n\000d\000e\000x}{}% 69
